<?xml version="1.0" encoding="UTF-8"?>
<!-- Generated by org.testng.reporters.JUnitXMLReporter -->
<testsuite hostname="LAPTOP-TFKS32F3" ignored="0" name="Test1" tests="2" failures="0" timestamp="2022-12-14T11:12:43 IST" time="0.256" errors="0">
  <testcase name="@BeforeTest beforeTest" time="-1.670996563584E9" classname="Project_Mav.Parallel_Test">
    <failure type="org.testng.TestNGException" message="
Can inject only one of &amp;lt;ITestContext, XmlTest&amp;gt; into a @BeforeTest annotated beforeTest.
For more information on native dependency injection please refer to http://testng.org/doc/documentation-main.html#native-dependency-injection">
      <![CDATA[org.testng.TestNGException: 
Can inject only one of <ITestContext, XmlTest> into a @BeforeTest annotated beforeTest.
For more information on native dependency injection please refer to http://testng.org/doc/documentation-main.html#native-dependency-injection
at java.util.concurrent.FutureTask.run(Unknown Source)
at java.util.concurrent.ThreadPoolExecutor.runWorker(Unknown Source)
at java.util.concurrent.ThreadPoolExecutor$Worker.run(Unknown Source)
at java.lang.Thread.run(Unknown Source)
... Removed 12 stack frames]]>
    </failure>
  </testcase> <!-- @BeforeTest beforeTest -->
  <testcase name="@AfterTest afterTest" time="-1.670996563819E9" classname="Project_Mav.Parallel_Test">
    <skipped/>
  </testcase> <!-- @AfterTest afterTest -->
  <testcase name="ohrm" time="0.0" classname="Project_Mav.Parallel_Test">
    <skipped/>
  </testcase> <!-- ohrm -->
  <testcase name="ohrm" time="0.0" classname="Project_Mav.Parallel_Test">
    <skipped/>
  </testcase> <!-- ohrm -->
</testsuite> <!-- Test1 -->
