<?xml version="1.0" encoding="UTF-8"?>
<testng-results ignored="0" total="1" passed="1" failed="0" skipped="0">
  <reporter-output>
  </reporter-output>
  <suite started-at="2023-05-25T22:36:33 IST" name="Default suite" finished-at="2023-05-25T23:02:56 IST" duration-ms="1583043">
    <groups>
    </groups>
    <test started-at="2023-05-25T22:36:33 IST" name="Default test" finished-at="2023-05-25T23:02:56 IST" duration-ms="1583043">
      <class name="Project_Mav.Checking">
        <test-method is-config="true" signature="beforeTest()[pri:0, instance:Project_Mav.Checking@152aa092]" started-at="2023-05-25T22:36:33 IST" name="beforeTest" finished-at="2023-05-25T22:59:18 IST" duration-ms="1365150" status="PASS">
          <reporter-output>
          </reporter-output>
        </test-method> <!-- beforeTest -->
        <test-method is-config="true" signature="beforeMethod()[pri:0, instance:Project_Mav.Checking@152aa092]" started-at="2023-05-25T22:59:18 IST" name="beforeMethod" finished-at="2023-05-25T23:02:45 IST" duration-ms="207502" status="PASS">
          <reporter-output>
          </reporter-output>
        </test-method> <!-- beforeMethod -->
        <test-method signature="AddingNewUser()[pri:0, instance:Project_Mav.Checking@152aa092]" started-at="2023-05-25T23:02:45 IST" name="AddingNewUser" finished-at="2023-05-25T23:02:56 IST" duration-ms="10342" status="PASS">
          <reporter-output>
          </reporter-output>
        </test-method> <!-- AddingNewUser -->
      </class> <!-- Project_Mav.Checking -->
    </test> <!-- Default test -->
  </suite> <!-- Default suite -->
</testng-results>
