<?xml version="1.0" encoding="UTF-8"?>
<testng-results ignored="0" total="1" passed="1" failed="0" skipped="0">
  <reporter-output>
  </reporter-output>
  <suite started-at="2023-02-13T23:49:18 IST" name="Default suite" finished-at="2023-02-13T23:50:11 IST" duration-ms="52677">
    <groups>
    </groups>
    <test started-at="2023-02-13T23:49:18 IST" name="Default test" finished-at="2023-02-13T23:50:11 IST" duration-ms="52677">
      <class name="rahulshetty_academy.testQA_test">
        <test-method is-config="true" signature="beforeTest()[pri:0, instance:rahulshetty_academy.testQA_test@4f67eb2a]" started-at="2023-02-13T23:49:18 IST" name="beforeTest" finished-at="2023-02-13T23:49:33 IST" duration-ms="14348" status="PASS">
          <reporter-output>
          </reporter-output>
        </test-method> <!-- beforeTest -->
        <test-method signature="f()[pri:0, instance:rahulshetty_academy.testQA_test@4f67eb2a]" started-at="2023-02-13T23:49:33 IST" name="f" finished-at="2023-02-13T23:50:11 IST" duration-ms="38230" status="PASS">
          <reporter-output>
          </reporter-output>
        </test-method> <!-- f -->
        <test-method is-config="true" signature="afterTest()[pri:0, instance:rahulshetty_academy.testQA_test@4f67eb2a]" started-at="2023-02-13T23:50:11 IST" name="afterTest" finished-at="2023-02-13T23:50:11 IST" duration-ms="1" status="PASS">
          <reporter-output>
          </reporter-output>
        </test-method> <!-- afterTest -->
      </class> <!-- rahulshetty_academy.testQA_test -->
    </test> <!-- Default test -->
  </suite> <!-- Default suite -->
</testng-results>
