<?xml version="1.0" encoding="UTF-8"?>
<!-- Generated by org.testng.reporters.JUnitXMLReporter -->
<testsuite ignored="0" hostname="LAPTOP-TFKS32F3" failures="0" tests="11" name="Default test" time="261.35" errors="0" timestamp="2023-02-27T13:07:41 IST">
  <testcase classname="rahulshetty_academy.rs_assignment" name="RB_Example" time="6.124"/>
  <testcase classname="rahulshetty_academy.rs_assignment" name="Suggestion" time="4.89"/>
  <testcase classname="rahulshetty_academy.rs_assignment" name="Dropdown" time="8.925"/>
  <testcase classname="rahulshetty_academy.rs_assignment" name="checkbox" time="6.163"/>
  <testcase classname="rahulshetty_academy.rs_assignment" name="Switch_window" time="11.582"/>
  <testcase classname="rahulshetty_academy.rs_assignment" name="Switch_Tab" time="10.159"/>
  <testcase classname="rahulshetty_academy.rs_assignment" name="Switch_To_Alert" time="12.042"/>
  <testcase classname="rahulshetty_academy.rs_assignment" name="Element_Display" time="9.44"/>
  <testcase classname="rahulshetty_academy.rs_assignment" name="table" time="3.048"/>
  <testcase classname="rahulshetty_academy.rs_assignment" name="Mouse_hover" time="22.428"/>
  <testcase classname="rahulshetty_academy.rs_assignment" name="iframe" time="6.698"/>
</testsuite> <!-- Default test -->
