<?xml version="1.0" encoding="UTF-8"?>
<!-- Generated by org.testng.reporters.JUnitXMLReporter -->
<testsuite ignored="0" hostname="LAPTOP-TFKS32F3" failures="0" tests="3" name="Default test" time="0.058" errors="0" timestamp="2023-02-17T10:52:41 IST">
  <testcase classname="Project_Mav.GroupTest" name="testcase1" time="0.009"/>
  <testcase classname="Project_Mav.GroupTest" name="testcase2" time="0.001"/>
  <testcase classname="Project_Mav.GroupTest" name="testcase3" time="0.001"/>
</testsuite> <!-- Default test -->
