<?xml version="1.0" encoding="UTF-8"?>
<!-- Generated by org.testng.reporters.JUnitXMLReporter -->
<testsuite ignored="1" hostname="LAPTOP-TFKS32F3" failures="0" tests="4" name="Default test" time="52.377" errors="0" timestamp="2023-03-08T13:14:22 IST">
  <testcase classname="Learning.Testng" name="LOOP" time="0.008"/>
  <testcase classname="Learning.Testng" name="LOOP" time="0.008"/>
  <testcase classname="Learning.Testng" name="LOOP" time="0.006"/>
  <testcase classname="Learning.Testng" name="login" time="2.222"/>
  <testcase classname="Learning.Testng" name="logout" time="0.0">
    <ignored/>
  </testcase> <!-- logout -->
</testsuite> <!-- Default test -->
