<?xml version="1.0" encoding="UTF-8"?>
<testng-results ignored="0" total="1" passed="1" failed="0" skipped="0">
  <reporter-output>
  </reporter-output>
  <suite started-at="2023-05-30T23:59:01 IST" name="Default suite" finished-at="2023-05-31T00:00:09 IST" duration-ms="67269">
    <groups>
    </groups>
    <test started-at="2023-05-30T23:59:01 IST" name="Default test" finished-at="2023-05-31T00:00:09 IST" duration-ms="67269">
      <class name="assignment.OhrmAssignment">
        <test-method is-config="true" signature="beforeTest()[pri:0, instance:assignment.OhrmAssignment@71238fc2]" started-at="2023-05-30T23:59:01 IST" name="beforeTest" finished-at="2023-05-30T23:59:05 IST" duration-ms="3875" status="PASS">
          <reporter-output>
          </reporter-output>
        </test-method> <!-- beforeTest -->
        <test-method is-config="true" signature="beforeMethod()[pri:0, instance:assignment.OhrmAssignment@71238fc2]" started-at="2023-05-30T23:59:05 IST" name="beforeMethod" finished-at="2023-05-30T23:59:24 IST" duration-ms="18977" status="PASS">
          <reporter-output>
          </reporter-output>
        </test-method> <!-- beforeMethod -->
        <test-method signature="AddingNewUser()[pri:0, instance:assignment.OhrmAssignment@71238fc2]" started-at="2023-05-30T23:59:24 IST" name="AddingNewUser" finished-at="2023-05-30T23:59:57 IST" duration-ms="32601" status="PASS">
          <reporter-output>
          </reporter-output>
        </test-method> <!-- AddingNewUser -->
        <test-method is-config="true" signature="afterMethod()[pri:0, instance:assignment.OhrmAssignment@71238fc2]" started-at="2023-05-30T23:59:57 IST" name="afterMethod" finished-at="2023-05-31T00:00:08 IST" duration-ms="11622" status="PASS">
          <reporter-output>
          </reporter-output>
        </test-method> <!-- afterMethod -->
        <test-method is-config="true" signature="afterTest()[pri:0, instance:assignment.OhrmAssignment@71238fc2]" started-at="2023-05-31T00:00:08 IST" name="afterTest" finished-at="2023-05-31T00:00:09 IST" duration-ms="138" status="PASS">
          <reporter-output>
          </reporter-output>
        </test-method> <!-- afterTest -->
      </class> <!-- assignment.OhrmAssignment -->
    </test> <!-- Default test -->
  </suite> <!-- Default suite -->
</testng-results>
