<?xml version="1.0" encoding="UTF-8"?>
<testng-results skipped="0" failed="0" ignored="0" total="2" passed="2">
  <reporter-output>
  </reporter-output>
  <suite name="Default suite" duration-ms="31999" started-at="2022-12-08T14:13:19 IST" finished-at="2022-12-08T14:13:51 IST">
    <groups>
    </groups>
    <test name="Default test" duration-ms="31999" started-at="2022-12-08T14:13:19 IST" finished-at="2022-12-08T14:13:51 IST">
      <class name="Learning.Testng">
        <test-method status="PASS" signature="BeforeTest()[pri:0, instance:Learning.Testng@23e028a9]" name="BeforeTest" is-config="true" duration-ms="23686" started-at="2022-12-08T14:13:19 IST" finished-at="2022-12-08T14:13:43 IST">
          <reporter-output>
          </reporter-output>
        </test-method> <!-- BeforeTest -->
        <test-method status="PASS" signature="login()[pri:0, instance:Learning.Testng@23e028a9]" name="login" duration-ms="3909" started-at="2022-12-08T14:13:43 IST" finished-at="2022-12-08T14:13:47 IST">
          <reporter-output>
          </reporter-output>
        </test-method> <!-- login -->
        <test-method status="PASS" signature="logout()[pri:1, instance:Learning.Testng@23e028a9]" name="logout" duration-ms="4005" started-at="2022-12-08T14:13:47 IST" finished-at="2022-12-08T14:13:51 IST">
          <reporter-output>
          </reporter-output>
        </test-method> <!-- logout -->
        <test-method status="PASS" signature="afterTest()[pri:0, instance:Learning.Testng@23e028a9]" name="afterTest" is-config="true" duration-ms="333" started-at="2022-12-08T14:13:51 IST" finished-at="2022-12-08T14:13:51 IST">
          <reporter-output>
          </reporter-output>
        </test-method> <!-- afterTest -->
      </class> <!-- Learning.Testng -->
    </test> <!-- Default test -->
  </suite> <!-- Default suite -->
</testng-results>
