<?xml version="1.0" encoding="UTF-8"?>
<testng-results ignored="1" total="5" passed="4" failed="0" skipped="0">
  <reporter-output>
  </reporter-output>
  <suite started-at="2023-03-08T13:13:30 IST" name="Default suite" finished-at="2023-03-08T13:14:22 IST" duration-ms="52377">
    <groups>
    </groups>
    <test started-at="2023-03-08T13:13:30 IST" name="Default test" finished-at="2023-03-08T13:14:22 IST" duration-ms="52377">
      <class name="Learning.Testng">
        <test-method is-config="true" signature="BeforeTest()[pri:0, instance:Learning.Testng@55740540]" started-at="2023-03-08T13:13:30 IST" name="BeforeTest" finished-at="2023-03-08T13:14:20 IST" duration-ms="49820" status="PASS">
          <reporter-output>
          </reporter-output>
        </test-method> <!-- BeforeTest -->
        <test-method signature="LOOP()[pri:0, instance:Learning.Testng@55740540]" started-at="2023-03-08T13:14:20 IST" name="LOOP" finished-at="2023-03-08T13:14:20 IST" duration-ms="8" status="PASS">
          <reporter-output>
          </reporter-output>
        </test-method> <!-- LOOP -->
        <test-method signature="LOOP()[pri:0, instance:Learning.Testng@55740540]" started-at="2023-03-08T13:14:20 IST" name="LOOP" finished-at="2023-03-08T13:14:20 IST" duration-ms="8" status="PASS">
          <reporter-output>
          </reporter-output>
        </test-method> <!-- LOOP -->
        <test-method signature="LOOP()[pri:0, instance:Learning.Testng@55740540]" started-at="2023-03-08T13:14:20 IST" name="LOOP" finished-at="2023-03-08T13:14:20 IST" duration-ms="6" status="PASS">
          <reporter-output>
          </reporter-output>
        </test-method> <!-- LOOP -->
        <test-method signature="login()[pri:0, instance:Learning.Testng@55740540]" started-at="2023-03-08T13:14:20 IST" name="login" finished-at="2023-03-08T13:14:22 IST" duration-ms="2222" status="PASS">
          <reporter-output>
          </reporter-output>
        </test-method> <!-- login -->
        <test-method is-config="true" signature="afterTest()[pri:0, instance:Learning.Testng@55740540]" started-at="2023-03-08T13:14:22 IST" name="afterTest" finished-at="2023-03-08T13:14:22 IST" duration-ms="223" status="PASS">
          <reporter-output>
          </reporter-output>
        </test-method> <!-- afterTest -->
      </class> <!-- Learning.Testng -->
    </test> <!-- Default test -->
  </suite> <!-- Default suite -->
</testng-results>
